Build started 27/10/2017 11:43:28.
     1>Project "C:\Users\josef\Desktop\מעבדה cpp\ex1\ex1\ex1.vcxproj" on node 2 (build target(s)).
     1>InitializeBuildStatus:
         Creating "Debug\ex1.unsuccessfulbuild" because "AlwaysCreate" was specified.
       ClCompile:
         c:\Program Files (x86)\Microsoft Visual Studio 10.0\VC\bin\CL.exe /c /ZI /nologo /W3 /WX- /Od /Oy- /D _MBCS /Gm /EHsc /RTC1 /MDd /GS /fp:precise /Zc:wchar_t /Zc:forScope /Fo"Debug\\" /Fd"Debug\vc100.pdb" /Gd /TP /analyze- /errorReport:prompt check.cpp ex1.cpp main.cpp
         main.cpp
         ex1.cpp
         check.cpp
         Generating Code...
       Link:
         c:\Program Files (x86)\Microsoft Visual Studio 10.0\VC\bin\link.exe /ERRORREPORT:PROMPT /OUT:"C:\Users\josef\Desktop\מעבדה cpp\ex1\Debug\ex1.exe" /NOLOGO kernel32.lib user32.lib gdi32.lib winspool.lib comdlg32.lib advapi32.lib shell32.lib ole32.lib oleaut32.lib uuid.lib odbc32.lib odbccp32.lib /MANIFEST /ManifestFile:"Debug\ex1.exe.intermediate.manifest" /MANIFESTUAC:"level='asInvoker' uiAccess='false'" /DEBUG /PDB:"C:\Users\josef\Desktop\מעבדה cpp\ex1\Debug\ex1.pdb" /TLBID:1 /DYNAMICBASE /NXCOMPAT /IMPLIB:"C:\Users\josef\Desktop\מעבדה cpp\ex1\Debug\ex1.lib" /MACHINE:X86 Debug\check.obj
         Debug\ex1.obj
         Debug\main.obj
         LINK : C:\Users\josef\Desktop\מעבדה cpp\ex1\Debug\ex1.exe not found or not built by the last incremental link; performing full link
         ex1.vcxproj -> C:\Users\josef\Desktop\מעבדה cpp\ex1\Debug\ex1.exe
       Manifest:
         c:\Program Files (x86)\Microsoft SDKs\Windows\v7.0A\bin\mt.exe /nologo /verbose /outputresource:"C:\Users\josef\Desktop\מעבדה cpp\ex1\Debug\ex1.exe;#1" /manifest Debug\ex1.exe.intermediate.manifest
       FinalizeBuildStatus:
         Deleting file "Debug\ex1.unsuccessfulbuild".
         Touching "Debug\ex1.lastbuildstate".
     1>Done Building Project "C:\Users\josef\Desktop\מעבדה cpp\ex1\ex1\ex1.vcxproj" (build target(s)).

Build succeeded.

Time Elapsed 00:00:01.30
